<?xml version="1.0" encoding="UTF-8"?>
<testsuite xmlns:xsi="http://www.w3.org/2001/XMLSchema-instance" xsi:noNamespaceSchemaLocation="https://maven.apache.org/surefire/maven-surefire-plugin/xsd/surefire-test-report.xsd" name="TestSuite" time="5.086" tests="2" errors="0" skipped="0" failures="1">
  <properties>
[...]
</properties>
  <testcase name="parameterIntTest" classname="testng.ApiTestTestNg" time="1.961"/>
  <testcase name="parameterIntTest" classname="testng.ApiTestTestNg" time="1.976">
    <failure message="Lists differ at element [0]: true != false expected [true] but found [false]" type="java.lang.AssertionError">java.lang.AssertionError: Lists differ at element [0]: true != false expected [true] but found [false]
	at testng.ApiTestTestNg.parameterIntTest(ApiTestTestNg.java:86)
</failure>
  </testcase>
</testsuite>