<?xml version="1.0" encoding="UTF-8"?>
<!-- Generated by org.testng.reporters.JUnitXMLReporter -->
<testsuite hostname="DESKTOP-BV8MMDS" ignored="0" name="单元测试" tests="2" failures="1" timestamp="03 八月 2018 06:50:39 GMT" time="2.469" errors="0">
  <testcase name="parameterIntTest" time="1.554" classname="testng.ApiTestTestNg"/>
  <testcase name="parameterIntTest" time="1.554" classname="testng.ApiTestTestNg">
    <failure type="java.lang.AssertionError" message="Lists differ at element [0]: true != false expected [true] but found [false]">
      <![CDATA[java.lang.AssertionError: Lists differ at element [0]: true != false expected [true] but found [false]
at testng.ApiTestTestNg.parameterIntTest(ApiTestTestNg.java:86)
at java.util.concurrent.FutureTask.run(FutureTask.java:266)
at java.util.concurrent.Executors$RunnableAdapter.call(Executors.java:511)
at java.util.concurrent.FutureTask.run(FutureTask.java:266)
at java.util.concurrent.ThreadPoolExecutor.runWorker(ThreadPoolExecutor.java:1142)
at java.util.concurrent.ThreadPoolExecutor$Worker.run(ThreadPoolExecutor.java:617)
at java.lang.Thread.run(Thread.java:745)
... Removed 14 stack frames]]>
    </failure>
  </testcase> <!-- parameterIntTest -->
</testsuite> <!-- 单元测试 -->
